<?xml version="1.0" encoding="UTF-8" ?>
<testsuite tests="46" failures="7" name="core.AppTestTest" time="210.619" errors="0" skipped="0">
  <properties>
[...]
</properties>
  <testcase classname="core.AppTestTest" name="Dynamic text (quote)" time="5.08">
    <failure message="
Expected: &quot; (9, 49)&quot;
     but: was &quot;(9, 49)&quot;" type="java.lang.AssertionError">java.lang.AssertionError: 
Expected: &quot; (9, 49)&quot;
     but: was &quot;(9, 49)&quot;
	at org.hamcrest.MatcherAssert.assertThat(MatcherAssert.java:20)
	at org.hamcrest.MatcherAssert.assertThat(MatcherAssert.java:8)
	at core.AppTestTest.test(AppTestTest.java:69)
</failure>
    <system-out>Configuring TestNG with: org.apache.maven.surefire.testng.conf.TestNG652Configurator@3339ad8e
</system-out>
  </testcase>
  <testcase classname="core.AppTestTest" name="Page title (Sing Up)" time="4.107"/>
  <testcase classname="core.AppTestTest" name="text (current location)" time="4.533"/>
  <testcase classname="core.AppTestTest" name="Image (weather icon)" time="4.787"/>
  <testcase classname="core.AppTestTest" name="Dynamic text (temperature)" time="4.238"/>
  <testcase classname="core.AppTestTest" name="Label (first name)" time="4.953"/>
  <testcase classname="core.AppTestTest" name="Field (first name)" time="4.805">
    <failure message="
Expected: &quot; (554, 183)&quot;
     but: was &quot;(554, 183)&quot;" type="java.lang.AssertionError">java.lang.AssertionError: 
Expected: &quot; (554, 183)&quot;
     but: was &quot;(554, 183)&quot;
	at org.hamcrest.MatcherAssert.assertThat(MatcherAssert.java:20)
	at org.hamcrest.MatcherAssert.assertThat(MatcherAssert.java:8)
	at core.AppTestTest.test(AppTestTest.java:69)
</failure>
  </testcase>
  <testcase classname="core.AppTestTest" name="Label (last name)" time="4.522">
    <failure message="
Expected: &quot; (979, 153)&quot;
     but: was &quot;(979, 153)&quot;" type="java.lang.AssertionError">java.lang.AssertionError: 
Expected: &quot; (979, 153)&quot;
     but: was &quot;(979, 153)&quot;
	at org.hamcrest.MatcherAssert.assertThat(MatcherAssert.java:20)
	at org.hamcrest.MatcherAssert.assertThat(MatcherAssert.java:8)
	at core.AppTestTest.test(AppTestTest.java:69)
</failure>
  </testcase>
  <testcase classname="core.AppTestTest" name="Field (last name)" time="4.926"/>
  <testcase classname="core.AppTestTest" name="Label (email address)" time="5.024"/>
  <testcase classname="core.AppTestTest" name="Field (email address)" time="4.583">
    <failure message="
Expected: &quot; (554, 263)&quot;
     but: was &quot;(554, 263)&quot;" type="java.lang.AssertionError">java.lang.AssertionError: 
Expected: &quot; (554, 263)&quot;
     but: was &quot;(554, 263)&quot;
	at org.hamcrest.MatcherAssert.assertThat(MatcherAssert.java:20)
	at org.hamcrest.MatcherAssert.assertThat(MatcherAssert.java:8)
	at core.AppTestTest.test(AppTestTest.java:69)
</failure>
  </testcase>
  <testcase classname="core.AppTestTest" name="Label (phone number)" time="3.937"/>
  <testcase classname="core.AppTestTest" name="Field (phone number)" time="4.783"/>
  <testcase classname="core.AppTestTest" name="Label (radio male)" time="4.667">
    <failure message="
Expected: &quot; (606, 355)&quot;
     but: was &quot;(606, 355)&quot;" type="java.lang.AssertionError">java.lang.AssertionError: 
Expected: &quot; (606, 355)&quot;
     but: was &quot;(606, 355)&quot;
	at org.hamcrest.MatcherAssert.assertThat(MatcherAssert.java:20)
	at org.hamcrest.MatcherAssert.assertThat(MatcherAssert.java:8)
	at core.AppTestTest.test(AppTestTest.java:69)
</failure>
  </testcase>
  <testcase classname="core.AppTestTest" name="Radio Button (male)" time="4.572">
    <failure message="
Expected: &quot; (566, 354)&quot;
     but: was &quot;(566, 354)&quot;" type="java.lang.AssertionError">java.lang.AssertionError: 
Expected: &quot; (566, 354)&quot;
     but: was &quot;(566, 354)&quot;
	at org.hamcrest.MatcherAssert.assertThat(MatcherAssert.java:20)
	at org.hamcrest.MatcherAssert.assertThat(MatcherAssert.java:8)
	at core.AppTestTest.test(AppTestTest.java:69)
</failure>
  </testcase>
  <testcase classname="core.AppTestTest" name="Label (radio female)" time="4.682"/>
  <testcase classname="core.AppTestTest" name="Radio Button (female)" time="4.157"/>
  <testcase classname="core.AppTestTest" name="Label (state)" time="4.626"/>
  <testcase classname="core.AppTestTest" name="Drop-down List (state)" time="5.422"/>
  <testcase classname="core.AppTestTest" name="Label (I agree to the Terms)" time="5.297"/>
  <testcase classname="core.AppTestTest" name="Checkbox (terms)" time="4.53"/>
  <testcase classname="core.AppTestTest" name="Image (facebook)" time="4.642"/>
  <testcase classname="core.AppTestTest" name="Image (twitter)" time="4.117"/>
  <testcase classname="core.AppTestTest" name="Image (flickr)" time="4.636"/>
  <testcase classname="core.AppTestTest" name="Image (youtube)" time="4.538"/>
  <testcase classname="core.AppTestTest" name="Button (Reset)" time="4.022"/>
  <testcase classname="core.AppTestTest" name="Button (Submit)" time="4.555"/>
  <testcase classname="core.AppTestTest" name="Dynamic text (today?s date)" time="5.213"/>
  <testcase classname="core.AppTestTest" name="Dynamic text (copyright)" time="5.33"/>
  <testcase classname="core.AppTestTest" name="Dynamic text (os &amp; browser)" time="4.781">
    <failure message="
Expected: &quot; (1075, 551)&quot;
     but: was &quot;(1075, 551)&quot;" type="java.lang.AssertionError">java.lang.AssertionError: 
Expected: &quot; (1075, 551)&quot;
     but: was &quot;(1075, 551)&quot;
	at org.hamcrest.MatcherAssert.assertThat(MatcherAssert.java:20)
	at org.hamcrest.MatcherAssert.assertThat(MatcherAssert.java:8)
	at core.AppTestTest.test(AppTestTest.java:69)
</failure>
  </testcase>
  <testcase classname="core.AppTestTest" name="Page title (Confirmation)" time="4.818"/>
  <testcase classname="core.AppTestTest" name="Confirmation Label (first name)" time="4.427"/>
  <testcase classname="core.AppTestTest" name="Confirmation Field (first name)" time="5.093"/>
  <testcase classname="core.AppTestTest" name="Confirmation Label (last name)" time="5.056"/>
  <testcase classname="core.AppTestTest" name="Confirmation Field (last name)" time="4.237"/>
  <testcase classname="core.AppTestTest" name="Confirmation Label (email address)" time="4.374"/>
  <testcase classname="core.AppTestTest" name="Confirmation Field (email address)" time="4.446"/>
  <testcase classname="core.AppTestTest" name="Confirmation Label (phone number)" time="4.491"/>
  <testcase classname="core.AppTestTest" name="Confirmation Field (phone number)" time="4.318"/>
  <testcase classname="core.AppTestTest" name="Confirmation Label (gender)" time="4.241"/>
  <testcase classname="core.AppTestTest" name="Confirmation Field (gender)" time="3.891"/>
  <testcase classname="core.AppTestTest" name="Confirmation Label (state)" time="3.857"/>
  <testcase classname="core.AppTestTest" name="Confirmation Field (state)" time="4.352"/>
  <testcase classname="core.AppTestTest" name="Confirmation Label (Terms?)" time="4.579"/>
  <testcase classname="core.AppTestTest" name="Confirmation Field (terms)" time="4.058"/>
  <testcase classname="core.AppTestTest" name="Confirmation Button (Back)" time="4.316"/>
</testsuite>